0 info it worked if it ends with ok
1 verbose cli [ '/Users/thierryskoda/.nvm/versions/node/v6.4.0/bin/node',
1 verbose cli   '/Users/thierryskoda/.nvm/versions/node/v6.4.0/bin/npm',
1 verbose cli   'start' ]
2 info using npm@3.10.3
3 info using node@v6.4.0
4 verbose run-script [ 'prestart', 'start', 'poststart' ]
5 info lifecycle bot@0.0.1~prestart: bot@0.0.1
6 silly lifecycle bot@0.0.1~prestart: no script for prestart, continuing
7 info lifecycle bot@0.0.1~start: bot@0.0.1
8 verbose lifecycle bot@0.0.1~start: unsafe-perm in lifecycle true
9 verbose lifecycle bot@0.0.1~start: PATH: /Users/thierryskoda/.nvm/versions/node/v6.4.0/lib/node_modules/npm/bin/node-gyp-bin:/Users/thierryskoda/Documents/programming/marketer/bot/node_modules/.bin:/Users/thierryskoda/.nvm/versions/node/v6.4.0/bin:/Users/thierryskoda/.nvm/versions/node/v6.4.0/bin:/Library/Frameworks/Python.framework/Versions/3.5/bin:/usr/local/git/bin:/sw/bin/:/usr/local/bin:/usr/local/:/usr/local/sbin:/usr/local/mysql/bin:/usr/local/bin:/usr/bin:/bin:/usr/sbin:/sbin:/usr/local/git/bin:/usr/local/bin/
10 verbose lifecycle bot@0.0.1~start: CWD: /Users/thierryskoda/Documents/programming/marketer/bot
11 silly lifecycle bot@0.0.1~start: Args: [ '-c', 'node app.js' ]
12 silly lifecycle bot@0.0.1~start: Returned: code: 1  signal: null
13 info lifecycle bot@0.0.1~start: Failed to exec start script
14 verbose stack Error: bot@0.0.1 start: `node app.js`
14 verbose stack Exit status 1
14 verbose stack     at EventEmitter.<anonymous> (/Users/thierryskoda/.nvm/versions/node/v6.4.0/lib/node_modules/npm/lib/utils/lifecycle.js:242:16)
14 verbose stack     at emitTwo (events.js:106:13)
14 verbose stack     at EventEmitter.emit (events.js:191:7)
14 verbose stack     at ChildProcess.<anonymous> (/Users/thierryskoda/.nvm/versions/node/v6.4.0/lib/node_modules/npm/lib/utils/spawn.js:40:14)
14 verbose stack     at emitTwo (events.js:106:13)
14 verbose stack     at ChildProcess.emit (events.js:191:7)
14 verbose stack     at maybeClose (internal/child_process.js:852:16)
14 verbose stack     at Process.ChildProcess._handle.onexit (internal/child_process.js:215:5)
15 verbose pkgid bot@0.0.1
16 verbose cwd /Users/thierryskoda/Documents/programming/marketer/bot
17 error Darwin 15.4.0
18 error argv "/Users/thierryskoda/.nvm/versions/node/v6.4.0/bin/node" "/Users/thierryskoda/.nvm/versions/node/v6.4.0/bin/npm" "start"
19 error node v6.4.0
20 error npm  v3.10.3
21 error code ELIFECYCLE
22 error bot@0.0.1 start: `node app.js`
22 error Exit status 1
23 error Failed at the bot@0.0.1 start script 'node app.js'.
23 error Make sure you have the latest version of node.js and npm installed.
23 error If you do, this is most likely a problem with the bot package,
23 error not with npm itself.
23 error Tell the author that this fails on your system:
23 error     node app.js
23 error You can get information on how to open an issue for this project with:
23 error     npm bugs bot
23 error Or if that isn't available, you can get their info via:
23 error     npm owner ls bot
23 error There is likely additional logging output above.
24 verbose exit [ 1, true ]
